[Tue Aug 8 1:33:52 2023] [mt_core_log] [Warning] Message: rmdir(/var/www/html/meutiv/mt_static/themes/simplicity/mobile/images): No such file or directory File: /var/www/html/meutiv/mt_utilities/file.php Line:194
[Tue Aug 8 1:33:52 2023] [mt_core_log] [Warning] Message: Cant remove directory `/var/www/html/meutiv/mt_static/themes/simplicity/mobile/images`! File: /var/www/html/meutiv/mt_utilities/file.php Line:196
[Tue Aug 8 1:33:52 2023] [mt_core_log] [Warning] Message: rmdir(/var/www/html/meutiv/mt_static/themes/simplicity/mobile): No such file or directory File: /var/www/html/meutiv/mt_utilities/file.php Line:194
[Tue Aug 8 1:33:52 2023] [mt_core_log] [Warning] Message: Cant remove directory `/var/www/html/meutiv/mt_static/themes/simplicity/mobile`! File: /var/www/html/meutiv/mt_utilities/file.php Line:196
[Tue Aug 8 1:33:52 2023] [mt_core_log] [Warning] Message: unlink(/var/www/html/meutiv/mt_static/themes/simplicity/images/simplicity_medium/simplicity_medium-webfont.svg): No such file or directory File: /var/www/html/meutiv/mt_utilities/file.php Line:181
[Tue Aug 8 1:33:52 2023] [mt_core_log] [Warning] Message: rmdir(/var/www/html/meutiv/mt_static/themes/simplicity/images/simplicity_medium): No such file or directory File: /var/www/html/meutiv/mt_utilities/file.php Line:194
[Tue Aug 8 1:33:52 2023] [mt_core_log] [Warning] Message: Cant remove directory `/var/www/html/meutiv/mt_static/themes/simplicity/images/simplicity_medium`! File: /var/www/html/meutiv/mt_utilities/file.php Line:196
[Tue Aug 8 1:33:52 2023] [mt_core_log] [Warning] Message: unlink(/var/www/html/meutiv/mt_static/themes/simplicity/images/ic_cut.svg): No such file or directory File: /var/www/html/meutiv/mt_utilities/file.php Line:181
[Tue Aug 8 1:33:52 2023] [mt_core_log] [Warning] Message: unlink(/var/www/html/meutiv/mt_static/themes/simplicity/images/console_arr_hover.png): No such file or directory File: /var/www/html/meutiv/mt_utilities/file.php Line:181
[Tue Aug 8 1:33:52 2023] [mt_core_log] [Warning] Message: unlink(/var/www/html/meutiv/mt_static/themes/simplicity/images/ic_aloud.svg): No such file or directory File: /var/www/html/meutiv/mt_utilities/file.php Line:181
[Tue Aug 8 1:33:52 2023] [mt_core_log] [Warning] Message: unlink(/var/www/html/meutiv/mt_static/themes/simplicity/images/context_action_arrow.svg): No such file or directory File: /var/www/html/meutiv/mt_utilities/file.php Line:181
[Tue Aug 8 1:33:52 2023] [mt_core_log] [Warning] Message: unlink(/var/www/html/meutiv/mt_static/themes/simplicity/images/ic_file.svg): No such file or directory File: /var/www/html/meutiv/mt_utilities/file.php Line:181
[Tue Aug 8 1:33:52 2023] [mt_core_log] [Warning] Message: unlink(/var/www/html/meutiv/mt_static/themes/simplicity/images/dnd-label-sidebar.png): No such file or directory File: /var/www/html/meutiv/mt_utilities/file.php Line:181
[Tue Aug 8 1:33:52 2023] [mt_core_log] [Warning] Message: unlink(/var/www/html/meutiv/mt_static/themes/simplicity/images/no-picture.png): No such file or directory File: /var/www/html/meutiv/mt_utilities/file.php Line:181
[Tue Aug 8 1:33:52 2023] [mt_core_log] [Warning] Message: unlink(/var/www/html/meutiv/mt_static/themes/simplicity/images/photo_tooltip_tail.png): No such file or directory File: /var/www/html/meutiv/mt_utilities/file.php Line:181
[Tue Aug 8 1:33:52 2023] [mt_core_log] [Warning] Message: unlink(/var/www/html/meutiv/mt_static/themes/simplicity/images/ic_lens.svg): No such file or directory File: /var/www/html/meutiv/mt_utilities/file.php Line:181
[Tue Aug 8 1:33:52 2023] [mt_core_log] [Warning] Message: unlink(/var/www/html/meutiv/mt_static/themes/simplicity/images/ic_reply_g.svg): No such file or directory File: /var/www/html/meutiv/mt_utilities/file.php Line:181
[Tue Aug 8 1:33:52 2023] [mt_core_log] [Warning] Message: unlink(/var/www/html/meutiv/mt_static/themes/simplicity/images/ic_folder.svg): No such file or directory File: /var/www/html/meutiv/mt_utilities/file.php Line:181
[Tue Aug 8 1:33:52 2023] [mt_core_log] [Warning] Message: unlink(/var/www/html/meutiv/mt_static/themes/simplicity/images/miniic_arrow_right_bb.png): No such file or directory File: /var/www/html/meutiv/mt_utilities/file.php Line:181
[Tue Aug 8 1:33:52 2023] [mt_core_log] [Warning] Message: unlink(/var/www/html/meutiv/mt_static/themes/simplicity/images/ic_move.png): No such file or directory File: /var/www/html/meutiv/mt_utilities/file.php Line:181
[Tue Aug 8 1:33:52 2023] [mt_core_log] [Warning] Message: unlink(/var/www/html/meutiv/mt_static/themes/simplicity/images/chat_status_mail_d.png): No such file or directory File: /var/www/html/meutiv/mt_utilities/file.php Line:181
[Tue Aug 8 1:33:52 2023] [mt_core_log] [Warning] Message: unlink(/var/www/html/meutiv/mt_static/themes/simplicity/images/ic_refresh.svg): No such file or directory File: /var/www/html/meutiv/mt_utilities/file.php Line:181
[Tue Aug 8 1:33:52 2023] [mt_core_log] [Warning] Message: unlink(/var/www/html/meutiv/mt_static/themes/simplicity/images/miniic_arrow_left.png): No such file or directory File: /var/www/html/meutiv/mt_utilities/file.php Line:181
[Tue Aug 8 1:33:52 2023] [mt_core_log] [Warning] Message: unlink(/var/www/html/meutiv/mt_static/themes/simplicity/images/mark_as_unread.png): No such file or directory File: /var/www/html/meutiv/mt_utilities/file.php Line:181
[Tue Aug 8 1:33:52 2023] [mt_core_log] [Warning] Message: unlink(/var/www/html/meutiv/mt_static/themes/simplicity/images/ic_script.svg): No such file or directory File: /var/www/html/meutiv/mt_utilities/file.php Line:181
[Tue Aug 8 1:33:54 2023] [mt_core_log] [Exception] Message: Can't find config `seo_sitemap_in_progress` in section `base`! File: /var/www/html/meutiv/mt_system_plugins/base/bol/config_service.php Line:167 Trace: [#0 /var/www/html/meutiv/mt_core/config.php(153): BOL_ConfigService->saveConfig() | #1 /var/www/html/meutiv/mt_system_plugins/base/cron.php(71): MT_Config->saveConfig() | #2 /var/www/html/meutiv/mt_cron/run.php(128): BASE_Cron->generateSitemap() | #3 {main}]
[Tue Aug 8 1:48:14 2023] [mt_core_log] [Exception] Message: Can't find config `seo_sitemap_in_progress` in section `base`! File: /var/www/html/meutiv/mt_system_plugins/base/bol/config_service.php Line:167 Trace: [#0 /var/www/html/meutiv/mt_core/config.php(153): BOL_ConfigService->saveConfig() | #1 /var/www/html/meutiv/mt_system_plugins/base/cron.php(71): MT_Config->saveConfig() | #2 /var/www/html/meutiv/mt_cron/run.php(128): BASE_Cron->generateSitemap() | #3 {main}]
[Tue Aug 8 1:49:29 2023] [mt_core_log] [Exception] Message: Can't find config `seo_sitemap_in_progress` in section `base`! File: /var/www/html/meutiv/mt_system_plugins/base/bol/config_service.php Line:167 Trace: [#0 /var/www/html/meutiv/mt_core/config.php(153): BOL_ConfigService->saveConfig() | #1 /var/www/html/meutiv/mt_system_plugins/base/cron.php(71): MT_Config->saveConfig() | #2 /var/www/html/meutiv/mt_cron/run.php(128): BASE_Cron->generateSitemap() | #3 {main}]
[Tue Aug 8 1:52:45 2023] [mt_core_log] [Exception] Message: Can't find config `seo_sitemap_in_progress` in section `base`! File: /var/www/html/meutiv/mt_system_plugins/base/bol/config_service.php Line:167 Trace: [#0 /var/www/html/meutiv/mt_core/config.php(153): BOL_ConfigService->saveConfig() | #1 /var/www/html/meutiv/mt_system_plugins/base/cron.php(71): MT_Config->saveConfig() | #2 /var/www/html/meutiv/mt_cron/run.php(128): BASE_Cron->generateSitemap() | #3 {main}]
[Tue Aug 8 1:55:02 2023] [mt_core_log] [Exception] Message: Can't find config `seo_sitemap_in_progress` in section `base`! File: /var/www/html/meutiv/mt_system_plugins/base/bol/config_service.php Line:167 Trace: [#0 /var/www/html/meutiv/mt_core/config.php(153): BOL_ConfigService->saveConfig() | #1 /var/www/html/meutiv/mt_system_plugins/base/cron.php(71): MT_Config->saveConfig() | #2 /var/www/html/meutiv/mt_cron/run.php(128): BASE_Cron->generateSitemap() | #3 {main}]
[Tue Aug 8 2:51:07 2023] [mt_core_log] [Exception] Message: Can't find config `seo_sitemap_in_progress` in section `base`! File: /var/www/html/meutiv/mt_system_plugins/base/bol/config_service.php Line:167 Trace: [#0 /var/www/html/meutiv/mt_core/config.php(153): BOL_ConfigService->saveConfig() | #1 /var/www/html/meutiv/mt_system_plugins/base/cron.php(71): MT_Config->saveConfig() | #2 /var/www/html/meutiv/mt_cron/run.php(128): BASE_Cron->generateSitemap() | #3 {main}]
[Tue Aug 8 6:27:05 2023] [mt_core_log] [Exception] Message: Can't find config `seo_sitemap_in_progress` in section `base`! File: /var/www/html/meutiv/mt_system_plugins/base/bol/config_service.php Line:167 Trace: [#0 /var/www/html/meutiv/mt_core/config.php(153): BOL_ConfigService->saveConfig() | #1 /var/www/html/meutiv/mt_system_plugins/base/cron.php(71): MT_Config->saveConfig() | #2 /var/www/html/meutiv/mt_cron/run.php(128): BASE_Cron->generateSitemap() | #3 {main}]
[Wed Aug 9 0:28:44 2023] [mt_core_log] [Exception] Message: Can't find config `seo_sitemap_in_progress` in section `base`! File: /var/www/html/meutiv/mt_system_plugins/base/bol/config_service.php Line:167 Trace: [#0 /var/www/html/meutiv/mt_core/config.php(153): BOL_ConfigService->saveConfig() | #1 /var/www/html/meutiv/mt_system_plugins/base/cron.php(71): MT_Config->saveConfig() | #2 /var/www/html/meutiv/mt_cron/run.php(128): BASE_Cron->generateSitemap() | #3 {main}]
