[Tue Aug 8 1:29:39 2023] [mt_core_log] [Warning] Message: include(/var/www/html/meutiv/mt_uploads/system/base/lang_1.php): Failed to open stream: No such file or directory File: /var/www/html/meutiv/mt_system_plugins/base/bol/language_service.php Line:1259
[Tue Aug 8 1:29:39 2023] [mt_core_log] [Warning] Message: include(): Failed opening '/var/www/html/meutiv/mt_uploads/system/base/lang_1.php' for inclusion (include_path='.:/usr/share/php') File: /var/www/html/meutiv/mt_system_plugins/base/bol/language_service.php Line:1259
[Tue Aug 8 1:29:39 2023] [mt_core_log] [Warning] Message: Undefined array key "" File: /var/www/html/meutiv/mt_system_plugins/base/bol/language_service.php Line:1262
[Tue Aug 8 1:29:39 2023] [mt_core_log] [Warning] Message: include(/var/www/html/meutiv/mt_uploads/system/base/lang_1.php): Failed to open stream: No such file or directory File: /var/www/html/meutiv/mt_system_plugins/base/bol/language_service.php Line:1259
[Tue Aug 8 1:29:39 2023] [mt_core_log] [Warning] Message: include(): Failed opening '/var/www/html/meutiv/mt_uploads/system/base/lang_1.php' for inclusion (include_path='.:/usr/share/php') File: /var/www/html/meutiv/mt_system_plugins/base/bol/language_service.php Line:1259
[Tue Aug 8 1:29:39 2023] [mt_core_log] [Warning] Message: Undefined array key "" File: /var/www/html/meutiv/mt_system_plugins/base/bol/language_service.php Line:1262
[Tue Aug 8 1:29:39 2023] [mt_core_log] [Exception] Message: Undefined constant "MT_USE_OWPLUGINS" File: /var/www/html/meutiv/mt_core/plugin_manager.php Line:84 Trace: [#0 /var/www/html/meutiv/mt_core/application.php(128): MT_PluginManager->initPlugins() | #1 /var/www/html/meutiv/index.php(56): MT_Application->init() | #2 {main}]
[Tue Aug 8 1:31:44 2023] [mt_core_log] [Warning] Message: include(/var/www/html/meutiv/mt_uploads/system/base/lang_1.php): Failed to open stream: No such file or directory File: /var/www/html/meutiv/mt_system_plugins/base/bol/language_service.php Line:1259
[Tue Aug 8 1:31:44 2023] [mt_core_log] [Warning] Message: include(): Failed opening '/var/www/html/meutiv/mt_uploads/system/base/lang_1.php' for inclusion (include_path='.:/usr/share/php') File: /var/www/html/meutiv/mt_system_plugins/base/bol/language_service.php Line:1259
[Tue Aug 8 1:31:44 2023] [mt_core_log] [Warning] Message: Undefined array key "" File: /var/www/html/meutiv/mt_system_plugins/base/bol/language_service.php Line:1262
[Tue Aug 8 1:31:44 2023] [mt_core_log] [Warning] Message: include(/var/www/html/meutiv/mt_uploads/system/base/lang_1.php): Failed to open stream: No such file or directory File: /var/www/html/meutiv/mt_system_plugins/base/bol/language_service.php Line:1259
[Tue Aug 8 1:31:44 2023] [mt_core_log] [Warning] Message: include(): Failed opening '/var/www/html/meutiv/mt_uploads/system/base/lang_1.php' for inclusion (include_path='.:/usr/share/php') File: /var/www/html/meutiv/mt_system_plugins/base/bol/language_service.php Line:1259
[Tue Aug 8 1:31:44 2023] [mt_core_log] [Warning] Message: Undefined array key "" File: /var/www/html/meutiv/mt_system_plugins/base/bol/language_service.php Line:1262
[Tue Aug 8 1:31:44 2023] [mt_core_log] [Exception] Message: Cant find default theme `simplicity`! File: /var/www/html/meutiv/mt_system_plugins/base/bol/theme_service.php Line:228 Trace: [#0 /var/www/html/meutiv/mt_core/developer_tools.php(140): BOL_ThemeService->updateThemeList() | #1 /var/www/html/meutiv/mt_core/developer_tools.php(111): MT_DeveloperTools->clearThemeCache() | #2 /var/www/html/meutiv/mt_core/developer_tools.php(73): MT_DeveloperTools->refreshEntitiesCache() | #3 /var/www/html/meutiv/mt_core/application.php(152): MT_DeveloperTools->init() | #4 /var/www/html/meutiv/index.php(56): MT_Application->init() | #5 {main}]
[Tue Aug 8 1:49:29 2023] [mt_core_log] [Notice] Message: json_decode(): Passing null to parameter #1 ($json) of type string is deprecated File: /var/www/html/meutiv/mt_system_plugins/base/bol/seo_service.php Line:551
[Tue Aug 8 1:49:36 2023] [mt_core_log] [Notice] Message: json_decode(): Passing null to parameter #1 ($json) of type string is deprecated File: /var/www/html/meutiv/mt_system_plugins/base/bol/seo_service.php Line:551
[Tue Aug 8 1:49:37 2023] [mt_core_log] [Notice] Message: json_decode(): Passing null to parameter #1 ($json) of type string is deprecated File: /var/www/html/meutiv/mt_system_plugins/base/bol/seo_service.php Line:551
[Tue Aug 8 1:49:38 2023] [mt_core_log] [Notice] Message: json_decode(): Passing null to parameter #1 ($json) of type string is deprecated File: /var/www/html/meutiv/mt_system_plugins/base/bol/seo_service.php Line:551
[Tue Aug 8 1:49:39 2023] [mt_core_log] [Notice] Message: json_decode(): Passing null to parameter #1 ($json) of type string is deprecated File: /var/www/html/meutiv/mt_system_plugins/base/bol/seo_service.php Line:551
[Tue Aug 8 1:49:40 2023] [mt_core_log] [Notice] Message: json_decode(): Passing null to parameter #1 ($json) of type string is deprecated File: /var/www/html/meutiv/mt_system_plugins/base/bol/seo_service.php Line:551
[Tue Aug 8 1:49:41 2023] [mt_core_log] [Notice] Message: json_decode(): Passing null to parameter #1 ($json) of type string is deprecated File: /var/www/html/meutiv/mt_system_plugins/base/bol/seo_service.php Line:551
[Tue Aug 8 1:49:42 2023] [mt_core_log] [Notice] Message: json_decode(): Passing null to parameter #1 ($json) of type string is deprecated File: /var/www/html/meutiv/mt_system_plugins/base/bol/seo_service.php Line:551
[Tue Aug 8 1:49:43 2023] [mt_core_log] [Notice] Message: json_decode(): Passing null to parameter #1 ($json) of type string is deprecated File: /var/www/html/meutiv/mt_system_plugins/base/bol/seo_service.php Line:551
[Tue Aug 8 1:49:44 2023] [mt_core_log] [Notice] Message: json_decode(): Passing null to parameter #1 ($json) of type string is deprecated File: /var/www/html/meutiv/mt_system_plugins/base/bol/seo_service.php Line:551
[Tue Aug 8 1:49:44 2023] [mt_core_log] [Notice] Message: json_decode(): Passing null to parameter #1 ($json) of type string is deprecated File: /var/www/html/meutiv/mt_system_plugins/base/bol/seo_service.php Line:551
[Tue Aug 8 1:49:46 2023] [mt_core_log] [Notice] Message: json_decode(): Passing null to parameter #1 ($json) of type string is deprecated File: /var/www/html/meutiv/mt_system_plugins/base/bol/seo_service.php Line:551
[Tue Aug 8 1:49:47 2023] [mt_core_log] [Notice] Message: json_decode(): Passing null to parameter #1 ($json) of type string is deprecated File: /var/www/html/meutiv/mt_system_plugins/base/bol/seo_service.php Line:551
[Tue Aug 8 1:49:49 2023] [mt_core_log] [Notice] Message: json_decode(): Passing null to parameter #1 ($json) of type string is deprecated File: /var/www/html/meutiv/mt_system_plugins/base/bol/seo_service.php Line:551
[Tue Aug 8 1:52:45 2023] [mt_core_log] [Notice] Message: json_decode(): Passing null to parameter #1 ($json) of type string is deprecated File: /var/www/html/meutiv/mt_system_plugins/base/bol/seo_service.php Line:551
[Tue Aug 8 1:52:45 2023] [mt_core_log] [Notice] Message: json_decode(): Passing null to parameter #1 ($json) of type string is deprecated File: /var/www/html/meutiv/mt_system_plugins/base/bol/seo_service.php Line:551
[Tue Aug 8 1:52:46 2023] [mt_core_log] [Notice] Message: json_decode(): Passing null to parameter #1 ($json) of type string is deprecated File: /var/www/html/meutiv/mt_system_plugins/base/bol/seo_service.php Line:551
[Tue Aug 8 1:52:47 2023] [mt_core_log] [Notice] Message: json_decode(): Passing null to parameter #1 ($json) of type string is deprecated File: /var/www/html/meutiv/mt_system_plugins/base/bol/seo_service.php Line:551
[Tue Aug 8 1:52:48 2023] [mt_core_log] [Notice] Message: json_decode(): Passing null to parameter #1 ($json) of type string is deprecated File: /var/www/html/meutiv/mt_system_plugins/base/bol/seo_service.php Line:551
[Tue Aug 8 1:52:48 2023] [mt_core_log] [Notice] Message: json_decode(): Passing null to parameter #1 ($json) of type string is deprecated File: /var/www/html/meutiv/mt_system_plugins/base/bol/seo_service.php Line:551
[Tue Aug 8 1:52:51 2023] [mt_core_log] [Notice] Message: json_decode(): Passing null to parameter #1 ($json) of type string is deprecated File: /var/www/html/meutiv/mt_system_plugins/base/bol/seo_service.php Line:551
[Tue Aug 8 1:52:51 2023] [mt_core_log] [Notice] Message: json_decode(): Passing null to parameter #1 ($json) of type string is deprecated File: /var/www/html/meutiv/mt_system_plugins/base/bol/seo_service.php Line:551
[Tue Aug 8 1:52:52 2023] [mt_core_log] [Notice] Message: json_decode(): Passing null to parameter #1 ($json) of type string is deprecated File: /var/www/html/meutiv/mt_system_plugins/base/bol/seo_service.php Line:551
[Tue Aug 8 1:52:53 2023] [mt_core_log] [Notice] Message: json_decode(): Passing null to parameter #1 ($json) of type string is deprecated File: /var/www/html/meutiv/mt_system_plugins/base/bol/seo_service.php Line:551
[Tue Aug 8 1:52:54 2023] [mt_core_log] [Notice] Message: json_decode(): Passing null to parameter #1 ($json) of type string is deprecated File: /var/www/html/meutiv/mt_system_plugins/base/bol/seo_service.php Line:551
[Tue Aug 8 1:53:21 2023] [mt_core_log] [Notice] Message: json_decode(): Passing null to parameter #1 ($json) of type string is deprecated File: /var/www/html/meutiv/mt_system_plugins/base/bol/seo_service.php Line:551
[Tue Aug 8 1:53:23 2023] [mt_core_log] [Notice] Message: json_decode(): Passing null to parameter #1 ($json) of type string is deprecated File: /var/www/html/meutiv/mt_system_plugins/base/bol/seo_service.php Line:551
[Tue Aug 8 1:53:24 2023] [mt_core_log] [Notice] Message: json_decode(): Passing null to parameter #1 ($json) of type string is deprecated File: /var/www/html/meutiv/mt_system_plugins/base/bol/seo_service.php Line:551
[Tue Aug 8 1:53:24 2023] [mt_core_log] [Notice] Message: json_decode(): Passing null to parameter #1 ($json) of type string is deprecated File: /var/www/html/meutiv/mt_system_plugins/base/bol/seo_service.php Line:551
[Tue Aug 8 1:53:25 2023] [mt_core_log] [Notice] Message: json_decode(): Passing null to parameter #1 ($json) of type string is deprecated File: /var/www/html/meutiv/mt_system_plugins/base/bol/seo_service.php Line:551
[Tue Aug 8 1:53:26 2023] [mt_core_log] [Notice] Message: json_decode(): Passing null to parameter #1 ($json) of type string is deprecated File: /var/www/html/meutiv/mt_system_plugins/base/bol/seo_service.php Line:551
[Tue Aug 8 1:53:27 2023] [mt_core_log] [Notice] Message: json_decode(): Passing null to parameter #1 ($json) of type string is deprecated File: /var/www/html/meutiv/mt_system_plugins/base/bol/seo_service.php Line:551
[Tue Aug 8 1:53:28 2023] [mt_core_log] [Notice] Message: json_decode(): Passing null to parameter #1 ($json) of type string is deprecated File: /var/www/html/meutiv/mt_system_plugins/base/bol/seo_service.php Line:551
